-------------------------------------------------------------------------------
Test set: fr.vertours.notems.controller.NoteControllerTest
-------------------------------------------------------------------------------
Tests run: 5, Failures: 0, Errors: 4, Skipped: 0, Time elapsed: 7.65 s <<< FAILURE! - in fr.vertours.notems.controller.NoteControllerTest
saveNote  Time elapsed: 0.733 s  <<< ERROR!
org.springframework.web.util.NestedServletException: Request processing failed; nested exception is org.springframework.data.mongodb.UncategorizedMongoDbException: Command failed with error 13 (Unauthorized): 'command insert requires authentication' on server localhost:27017. The full response is {"ok": 0.0, "errmsg": "command insert requires authentication", "code": 13, "codeName": "Unauthorized"}; nested exception is com.mongodb.MongoCommandException: Command failed with error 13 (Unauthorized): 'command insert requires authentication' on server localhost:27017. The full response is {"ok": 0.0, "errmsg": "command insert requires authentication", "code": 13, "codeName": "Unauthorized"}
	at fr.vertours.notems.controller.NoteControllerTest.saveNote(NoteControllerTest.java:74)
Caused by: org.springframework.data.mongodb.UncategorizedMongoDbException: Command failed with error 13 (Unauthorized): 'command insert requires authentication' on server localhost:27017. The full response is {"ok": 0.0, "errmsg": "command insert requires authentication", "code": 13, "codeName": "Unauthorized"}; nested exception is com.mongodb.MongoCommandException: Command failed with error 13 (Unauthorized): 'command insert requires authentication' on server localhost:27017. The full response is {"ok": 0.0, "errmsg": "command insert requires authentication", "code": 13, "codeName": "Unauthorized"}
	at fr.vertours.notems.controller.NoteControllerTest.saveNote(NoteControllerTest.java:74)
Caused by: com.mongodb.MongoCommandException: Command failed with error 13 (Unauthorized): 'command insert requires authentication' on server localhost:27017. The full response is {"ok": 0.0, "errmsg": "command insert requires authentication", "code": 13, "codeName": "Unauthorized"}
	at fr.vertours.notems.controller.NoteControllerTest.saveNote(NoteControllerTest.java:74)

getNoteById  Time elapsed: 0.007 s  <<< ERROR!
org.springframework.data.mongodb.UncategorizedMongoDbException: Command failed with error 13 (Unauthorized): 'command insert requires authentication' on server localhost:27017. The full response is {"ok": 0.0, "errmsg": "command insert requires authentication", "code": 13, "codeName": "Unauthorized"}; nested exception is com.mongodb.MongoCommandException: Command failed with error 13 (Unauthorized): 'command insert requires authentication' on server localhost:27017. The full response is {"ok": 0.0, "errmsg": "command insert requires authentication", "code": 13, "codeName": "Unauthorized"}
	at fr.vertours.notems.controller.NoteControllerTest.getNoteById(NoteControllerTest.java:60)
Caused by: com.mongodb.MongoCommandException: Command failed with error 13 (Unauthorized): 'command insert requires authentication' on server localhost:27017. The full response is {"ok": 0.0, "errmsg": "command insert requires authentication", "code": 13, "codeName": "Unauthorized"}
	at fr.vertours.notems.controller.NoteControllerTest.getNoteById(NoteControllerTest.java:60)

listNote  Time elapsed: 0.007 s  <<< ERROR!
org.springframework.data.mongodb.UncategorizedMongoDbException: Command failed with error 13 (Unauthorized): 'command insert requires authentication' on server localhost:27017. The full response is {"ok": 0.0, "errmsg": "command insert requires authentication", "code": 13, "codeName": "Unauthorized"}; nested exception is com.mongodb.MongoCommandException: Command failed with error 13 (Unauthorized): 'command insert requires authentication' on server localhost:27017. The full response is {"ok": 0.0, "errmsg": "command insert requires authentication", "code": 13, "codeName": "Unauthorized"}
	at fr.vertours.notems.controller.NoteControllerTest.listNote(NoteControllerTest.java:52)
Caused by: com.mongodb.MongoCommandException: Command failed with error 13 (Unauthorized): 'command insert requires authentication' on server localhost:27017. The full response is {"ok": 0.0, "errmsg": "command insert requires authentication", "code": 13, "codeName": "Unauthorized"}
	at fr.vertours.notems.controller.NoteControllerTest.listNote(NoteControllerTest.java:52)

updatePatient  Time elapsed: 0.007 s  <<< ERROR!
org.springframework.data.mongodb.UncategorizedMongoDbException: Command failed with error 13 (Unauthorized): 'command insert requires authentication' on server localhost:27017. The full response is {"ok": 0.0, "errmsg": "command insert requires authentication", "code": 13, "codeName": "Unauthorized"}; nested exception is com.mongodb.MongoCommandException: Command failed with error 13 (Unauthorized): 'command insert requires authentication' on server localhost:27017. The full response is {"ok": 0.0, "errmsg": "command insert requires authentication", "code": 13, "codeName": "Unauthorized"}
	at fr.vertours.notems.controller.NoteControllerTest.updatePatient(NoteControllerTest.java:86)
Caused by: com.mongodb.MongoCommandException: Command failed with error 13 (Unauthorized): 'command insert requires authentication' on server localhost:27017. The full response is {"ok": 0.0, "errmsg": "command insert requires authentication", "code": 13, "codeName": "Unauthorized"}
	at fr.vertours.notems.controller.NoteControllerTest.updatePatient(NoteControllerTest.java:86)

